
> react-oas-backend@1.0.0 dev
> nodemon server.js

[33m[nodemon] 3.1.10[39m
[33m[nodemon] to restart at any time, enter `rs`[39m
[33m[nodemon] watching path(s): *.*[39m
[33m[nodemon] watching extensions: js,mjs,cjs,json[39m
[32m[nodemon] starting `node server.js`[39m
🚀 Backend server running on port 3001
📊 Health check: http://localhost:3001/health
🌐 WebSocket server ready for connections
::1 - - [10/Dec/2025:23:26:39 +0000] "GET /health HTTP/1.1" 200 104 "-" "-"
::1 - - [10/Dec/2025:23:26:39 +0000] "GET /api/reports HTTP/1.1" 200 853 "-" "-"
::1 - - [10/Dec/2025:23:26:39 +0000] "GET /health HTTP/1.1" 200 104 "-" "-"
Client connected: FyuBicpX2UVFyRTwAAAB
Client disconnected: FyuBicpX2UVFyRTwAAAB
::1 - - [10/Dec/2025:23:27:14 +0000] "GET /health HTTP/1.1" 200 104 "-" "-"
::1 - - [10/Dec/2025:23:27:14 +0000] "GET /api/reports HTTP/1.1" 200 853 "-" "-"
Client connected: x3YYCxCUtRvumay7AAAD
Client disconnected: x3YYCxCUtRvumay7AAAD
::1 - - [10/Dec/2025:23:27:17 +0000] "GET /api/reports HTTP/1.1" 200 853 "-" "-"
Client connected: yGxiSk33uD_5maWLAAAF
Client disconnected: yGxiSk33uD_5maWLAAAF
::1 - - [10/Dec/2025:23:27:20 +0000] "GET /health HTTP/1.1" 200 104 "-" "-"
::1 - - [10/Dec/2025:23:27:20 +0000] "GET /api/reports HTTP/1.1" 200 853 "-" "-"
Client connected: VodkLhcb9_HfPFt7AAAH
Client disconnected: VodkLhcb9_HfPFt7AAAH
::1 - - [10/Dec/2025:23:27:23 +0000] "GET /health HTTP/1.1" 200 104 "-" "-"
::1 - - [10/Dec/2025:23:27:23 +0000] "GET /health HTTP/1.1" 200 104 "-" "-"
::1 - - [10/Dec/2025:23:27:23 +0000] "GET /health HTTP/1.1" 200 104 "-" "-"
::1 - - [10/Dec/2025:23:27:23 +0000] "GET /health HTTP/1.1" 200 104 "-" "-"
::1 - - [10/Dec/2025:23:27:23 +0000] "GET /health HTTP/1.1" 200 104 "-" "-"
::1 - - [10/Dec/2025:23:27:23 +0000] "GET /health HTTP/1.1" 200 104 "-" "-"
::1 - - [10/Dec/2025:23:27:23 +0000] "GET /health HTTP/1.1" 200 104 "-" "-"
::1 - - [10/Dec/2025:23:27:23 +0000] "GET /health HTTP/1.1" 200 104 "-" "-"
::1 - - [10/Dec/2025:23:27:23 +0000] "GET /health HTTP/1.1" 200 104 "-" "-"
::1 - - [10/Dec/2025:23:27:23 +0000] "GET /health HTTP/1.1" 200 104 "-" "-"
