
> react-oas-integration@3.0.0 dev
> concurrently "npm run start" "npm run backend" "npm run ai-service"

[2] 
[2] > react-oas-integration@3.0.0 ai-service
[2] > cd ai-service && python -m uvicorn main_simple:app --host 0.0.0.0 --port 8000 --reload
[2] 
[1] 
[1] > react-oas-integration@3.0.0 backend
[1] > cd backend && npm start
[1] 
[0] 
[0] > react-oas-integration@3.0.0 start
[0] > react-scripts start
[0] 
[2] sh: python: command not found
[2] npm run ai-service exited with code 127
[1] 
[1] > react-oas-integration-backend@1.0.0 start
[1] > node src/server.js
[1] 
[1] node:events:497
[1]       throw er; // Unhandled 'error' event
[1]       ^
[1] 
[1] Error: listen EADDRINUSE: address already in use :::3001
[1]     at Server.setupListenHandle [as _listen2] (node:net:1904:16)
[1]     at listenInCluster (node:net:1961:12)
[1]     at Server.listen (node:net:2063:7)
[1]     at Object.<anonymous> (/Users/phuccao/Projects/React-OAS-Integration-v4.0/backend/src/server.js:1070:8)
[1]     at Module._compile (node:internal/modules/cjs/loader:1469:14)
[1]     at Module._extensions..js (node:internal/modules/cjs/loader:1548:10)
[1]     at Module.load (node:internal/modules/cjs/loader:1288:32)
[1]     at Module._load (node:internal/modules/cjs/loader:1104:12)
[1]     at Function.executeUserEntryPoint [as runMain] (node:internal/modules/run_main:174:12)
[1]     at node:internal/main/run_main_module:28:49
[1] Emitted 'error' event on Server instance at:
[1]     at emitErrorNT (node:net:1940:8)
[1]     at process.processTicksAndRejections (node:internal/process/task_queues:82:21) {
[1]   code: 'EADDRINUSE',
[1]   errno: -48,
[1]   syscall: 'listen',
[1]   address: '::',
[1]   port: 3001
[1] }
[1] 
[1] Node.js v20.18.0
[1] npm run backend exited with code 1
[0] (node:62814) [DEP_WEBPACK_DEV_SERVER_ON_AFTER_SETUP_MIDDLEWARE] DeprecationWarning: 'onAfterSetupMiddleware' option is deprecated. Please use the 'setupMiddlewares' option.
[0] (Use `node --trace-deprecation ...` to show where the warning was created)
[0] (node:62814) [DEP_WEBPACK_DEV_SERVER_ON_BEFORE_SETUP_MIDDLEWARE] DeprecationWarning: 'onBeforeSetupMiddleware' option is deprecated. Please use the 'setupMiddlewares' option.
[0] Starting the development server...
[0] 
[0] Compiled successfully!
[0] 
[0] You can now view react-oas-integration in the browser.
[0] 
[0]   Local:            http://localhost:3000
[0]   On Your Network:  http://192.168.10.164:3000
[0] 
[0] Note that the development build is not optimized.
[0] To create a production build, use npm run build.
[0] 
[0] webpack compiled successfully
